2025-07-27T05:39:43.455387 - DASHBOARD_ERROR: 'dashboard_data' is undefined
Details: {'user_id': 1}
---
2025-07-27T05:42:22.829547 - DASHBOARD_ERROR: Could not build url for endpoint 'treasury.transaction_details' with values ['transaction_id']. Did you mean 'banking.transaction_details' instead?
Details: {'user_id': 1}
---
2025-07-27T14:42:46.180023 - template_render_error: Failed to render public.index: Encountered unknown tag 'endblock'.
Details: {'route': 'public.index', 'user_agent': 'Mozilla/5.0 (Macintosh; Intel Mac OS X 10_15_7) AppleWebKit/537.36 (KHTML, like Gecko) Chrome/134.0.0.0 Safari/537.36 OPR/119.0.0.0', 'ip_address': '127.0.0.1'}
---
2025-07-27T17:50:08.692992 - Bill payment error: 'str' object is not callable: 1
---
2025-07-27T18:18:58.963077 - DASHBOARD_ERROR: 'dashboard_data' is undefined
Details: {'user_id': 1}
---
2025-07-27T18:43:57.897895 - DASHBOARD_ERROR: 'dashboard_data' is undefined
Details: {'user_id': 1}
---
2025-07-27T20:39:23.957055 - DASHBOARD_ERROR: 'dashboard_data' is undefined
Details: {'user_id': 1}
---
2025-07-27T22:09:49.579619 - DASHBOARD_ERROR: Could not build url for endpoint 'treasury.transaction_details' with values ['transaction_id']. Did you mean 'banking.transaction_details' instead?
Details: {'user_id': 1}
---
2025-07-27T22:12:28.068424 - Bill payment error: 'str' object is not callable: 1
---
2025-07-27T22:14:45.287782 - Bill payment error: 'str' object is not callable: 1
---
